{"C:\\Users\\dslm_\\Escritorio\\MIBANQUITOFINAL\\backend\\src\\addAnalista.js": {"path":"C:\\Users\\dslm_\\Escritorio\\MIBANQUITOFINAL\\backend\\src\\addAnalista.js","statementMap":{"0":{"start":{"line":4,"column":0},"end":{"line":4,"column":27}},"1":{"start":{"line":5,"column":13},"end":{"line":5,"column":41}},"2":{"start":{"line":6,"column":15},"end":{"line":6,"column":34}},"3":{"start":{"line":8,"column":20},"end":{"line":46,"column":1}},"4":{"start":{"line":9,"column":2},"end":{"line":45,"column":3}},"5":{"start":{"line":10,"column":4},"end":{"line":10,"column":54}},"6":{"start":{"line":13,"column":24},"end":{"line":16,"column":5}},"7":{"start":{"line":18,"column":4},"end":{"line":39,"column":5}},"8":{"start":{"line":19,"column":6},"end":{"line":19,"column":54}},"9":{"start":{"line":22,"column":23},"end":{"line":22,"column":102}},"10":{"start":{"line":23,"column":6},"end":{"line":23,"column":50}},"11":{"start":{"line":24,"column":6},"end":{"line":26,"column":9}},"12":{"start":{"line":25,"column":8},"end":{"line":25,"column":59}},"13":{"start":{"line":29,"column":31},"end":{"line":29,"column":67}},"14":{"start":{"line":30,"column":6},"end":{"line":33,"column":8}},"15":{"start":{"line":35,"column":6},"end":{"line":35,"column":60}},"16":{"start":{"line":36,"column":6},"end":{"line":36,"column":43}},"17":{"start":{"line":37,"column":6},"end":{"line":37,"column":46}},"18":{"start":{"line":38,"column":6},"end":{"line":38,"column":39}},"19":{"start":{"line":41,"column":4},"end":{"line":41,"column":20}},"20":{"start":{"line":43,"column":4},"end":{"line":43,"column":45}},"21":{"start":{"line":44,"column":4},"end":{"line":44,"column":20}},"22":{"start":{"line":48,"column":0},"end":{"line":48,"column":14}}},"fnMap":{"0":{"name":"(anonymous_0)","decl":{"start":{"line":8,"column":20},"end":{"line":8,"column":21}},"loc":{"start":{"line":8,"column":32},"end":{"line":46,"column":1}},"line":8},"1":{"name":"(anonymous_1)","decl":{"start":{"line":24,"column":28},"end":{"line":24,"column":29}},"loc":{"start":{"line":24,"column":36},"end":{"line":26,"column":7}},"line":24}},"branchMap":{"0":{"loc":{"start":{"line":18,"column":4},"end":{"line":39,"column":5}},"type":"if","locations":[{"start":{"line":18,"column":4},"end":{"line":39,"column":5}},{"start":{"line":27,"column":11},"end":{"line":39,"column":5}}],"line":18}},"s":{"0":0,"1":0,"2":0,"3":0,"4":0,"5":0,"6":0,"7":0,"8":0,"9":0,"10":0,"11":0,"12":0,"13":0,"14":0,"15":0,"16":0,"17":0,"18":0,"19":0,"20":0,"21":0,"22":0},"f":{"0":0,"1":0},"b":{"0":[0,0]}}
,"C:\\Users\\dslm_\\Escritorio\\MIBANQUITOFINAL\\backend\\src\\addUserIdColumn.js": {"path":"C:\\Users\\dslm_\\Escritorio\\MIBANQUITOFINAL\\backend\\src\\addUserIdColumn.js","statementMap":{"0":{"start":{"line":4,"column":0},"end":{"line":4,"column":27}},"1":{"start":{"line":5,"column":13},"end":{"line":5,"column":41}},"2":{"start":{"line":7,"column":24},"end":{"line":37,"column":1}},"3":{"start":{"line":8,"column":2},"end":{"line":36,"column":3}},"4":{"start":{"line":9,"column":4},"end":{"line":9,"column":65}},"5":{"start":{"line":12,"column":4},"end":{"line":15,"column":7}},"6":{"start":{"line":17,"column":4},"end":{"line":17,"column":59}},"7":{"start":{"line":20,"column":19},"end":{"line":25,"column":6}},"8":{"start":{"line":27,"column":4},"end":{"line":27,"column":58}},"9":{"start":{"line":28,"column":4},"end":{"line":30,"column":7}},"10":{"start":{"line":29,"column":6},"end":{"line":29,"column":63}},"11":{"start":{"line":32,"column":4},"end":{"line":32,"column":20}},"12":{"start":{"line":34,"column":4},"end":{"line":34,"column":45}},"13":{"start":{"line":35,"column":4},"end":{"line":35,"column":20}},"14":{"start":{"line":39,"column":0},"end":{"line":39,"column":18}}},"fnMap":{"0":{"name":"(anonymous_0)","decl":{"start":{"line":7,"column":24},"end":{"line":7,"column":25}},"loc":{"start":{"line":7,"column":36},"end":{"line":37,"column":1}},"line":7},"1":{"name":"(anonymous_1)","decl":{"start":{"line":28,"column":24},"end":{"line":28,"column":25}},"loc":{"start":{"line":28,"column":31},"end":{"line":30,"column":5}},"line":28}},"branchMap":{},"s":{"0":0,"1":0,"2":0,"3":0,"4":0,"5":0,"6":0,"7":0,"8":0,"9":0,"10":0,"11":0,"12":0,"13":0,"14":0},"f":{"0":0,"1":0},"b":{}}
,"C:\\Users\\dslm_\\Escritorio\\MIBANQUITOFINAL\\backend\\src\\assignUserIds.js": {"path":"C:\\Users\\dslm_\\Escritorio\\MIBANQUITOFINAL\\backend\\src\\assignUserIds.js","statementMap":{"0":{"start":{"line":4,"column":0},"end":{"line":4,"column":27}},"1":{"start":{"line":5,"column":13},"end":{"line":5,"column":41}},"2":{"start":{"line":7,"column":22},"end":{"line":58,"column":1}},"3":{"start":{"line":8,"column":2},"end":{"line":57,"column":3}},"4":{"start":{"line":9,"column":4},"end":{"line":9,"column":68}},"5":{"start":{"line":12,"column":26},"end":{"line":15,"column":5}},"6":{"start":{"line":17,"column":4},"end":{"line":20,"column":5}},"7":{"start":{"line":18,"column":6},"end":{"line":18,"column":59}},"8":{"start":{"line":19,"column":6},"end":{"line":19,"column":22}},"9":{"start":{"line":22,"column":22},"end":{"line":22,"column":46}},"10":{"start":{"line":23,"column":4},"end":{"line":23,"column":69}},"11":{"start":{"line":26,"column":25},"end":{"line":29,"column":5}},"12":{"start":{"line":31,"column":4},"end":{"line":31,"column":71}},"13":{"start":{"line":34,"column":25},"end":{"line":36,"column":5}},"14":{"start":{"line":38,"column":4},"end":{"line":38,"column":48}},"15":{"start":{"line":39,"column":4},"end":{"line":41,"column":7}},"16":{"start":{"line":40,"column":6},"end":{"line":40,"column":103}},"17":{"start":{"line":44,"column":24},"end":{"line":46,"column":5}},"18":{"start":{"line":48,"column":4},"end":{"line":48,"column":49}},"19":{"start":{"line":49,"column":4},"end":{"line":51,"column":7}},"20":{"start":{"line":50,"column":6},"end":{"line":50,"column":74}},"21":{"start":{"line":53,"column":4},"end":{"line":53,"column":20}},"22":{"start":{"line":55,"column":4},"end":{"line":55,"column":45}},"23":{"start":{"line":56,"column":4},"end":{"line":56,"column":20}},"24":{"start":{"line":60,"column":0},"end":{"line":60,"column":16}}},"fnMap":{"0":{"name":"(anonymous_0)","decl":{"start":{"line":7,"column":22},"end":{"line":7,"column":23}},"loc":{"start":{"line":7,"column":34},"end":{"line":58,"column":1}},"line":7},"1":{"name":"(anonymous_1)","decl":{"start":{"line":39,"column":30},"end":{"line":39,"column":31}},"loc":{"start":{"line":39,"column":37},"end":{"line":41,"column":5}},"line":39},"2":{"name":"(anonymous_2)","decl":{"start":{"line":49,"column":29},"end":{"line":49,"column":30}},"loc":{"start":{"line":49,"column":36},"end":{"line":51,"column":5}},"line":49}},"branchMap":{"0":{"loc":{"start":{"line":17,"column":4},"end":{"line":20,"column":5}},"type":"if","locations":[{"start":{"line":17,"column":4},"end":{"line":20,"column":5}},{"start":{},"end":{}}],"line":17}},"s":{"0":0,"1":0,"2":0,"3":0,"4":0,"5":0,"6":0,"7":0,"8":0,"9":0,"10":0,"11":0,"12":0,"13":0,"14":0,"15":0,"16":0,"17":0,"18":0,"19":0,"20":0,"21":0,"22":0,"23":0,"24":0},"f":{"0":0,"1":0,"2":0},"b":{"0":[0,0]}}
,"C:\\Users\\dslm_\\Escritorio\\MIBANQUITOFINAL\\backend\\src\\initDB.js": {"path":"C:\\Users\\dslm_\\Escritorio\\MIBANQUITOFINAL\\backend\\src\\initDB.js","statementMap":{"0":{"start":{"line":5,"column":13},"end":{"line":5,"column":41}},"1":{"start":{"line":6,"column":15},"end":{"line":6,"column":34}},"2":{"start":{"line":8,"column":15},"end":{"line":92,"column":1}},"3":{"start":{"line":9,"column":2},"end":{"line":91,"column":3}},"4":{"start":{"line":10,"column":4},"end":{"line":10,"column":53}},"5":{"start":{"line":13,"column":29},"end":{"line":23,"column":5}},"6":{"start":{"line":26,"column":29},"end":{"line":44,"column":5}},"7":{"start":{"line":47,"column":4},"end":{"line":47,"column":39}},"8":{"start":{"line":48,"column":4},"end":{"line":48,"column":39}},"9":{"start":{"line":50,"column":4},"end":{"line":50,"column":49}},"10":{"start":{"line":53,"column":22},"end":{"line":53,"column":71}},"11":{"start":{"line":54,"column":22},"end":{"line":54,"column":55}},"12":{"start":{"line":56,"column":4},"end":{"line":84,"column":5}},"13":{"start":{"line":57,"column":6},"end":{"line":57,"column":56}},"14":{"start":{"line":60,"column":28},"end":{"line":60,"column":61}},"15":{"start":{"line":61,"column":6},"end":{"line":64,"column":8}},"16":{"start":{"line":67,"column":31},"end":{"line":67,"column":67}},"17":{"start":{"line":68,"column":6},"end":{"line":71,"column":8}},"18":{"start":{"line":74,"column":29},"end":{"line":74,"column":64}},"19":{"start":{"line":75,"column":6},"end":{"line":78,"column":8}},"20":{"start":{"line":80,"column":6},"end":{"line":80,"column":52}},"21":{"start":{"line":81,"column":6},"end":{"line":81,"column":65}},"22":{"start":{"line":82,"column":6},"end":{"line":82,"column":74}},"23":{"start":{"line":83,"column":6},"end":{"line":83,"column":71}},"24":{"start":{"line":86,"column":4},"end":{"line":86,"column":61}},"25":{"start":{"line":87,"column":4},"end":{"line":87,"column":20}},"26":{"start":{"line":89,"column":4},"end":{"line":89,"column":69}},"27":{"start":{"line":90,"column":4},"end":{"line":90,"column":20}},"28":{"start":{"line":94,"column":0},"end":{"line":94,"column":9}}},"fnMap":{"0":{"name":"(anonymous_0)","decl":{"start":{"line":8,"column":15},"end":{"line":8,"column":16}},"loc":{"start":{"line":8,"column":27},"end":{"line":92,"column":1}},"line":8}},"branchMap":{"0":{"loc":{"start":{"line":56,"column":4},"end":{"line":84,"column":5}},"type":"if","locations":[{"start":{"line":56,"column":4},"end":{"line":84,"column":5}},{"start":{},"end":{}}],"line":56}},"s":{"0":0,"1":0,"2":0,"3":0,"4":0,"5":0,"6":0,"7":0,"8":0,"9":0,"10":0,"11":0,"12":0,"13":0,"14":0,"15":0,"16":0,"17":0,"18":0,"19":0,"20":0,"21":0,"22":0,"23":0,"24":0,"25":0,"26":0,"27":0,"28":0},"f":{"0":0},"b":{"0":[0,0]}}
,"C:\\Users\\dslm_\\Escritorio\\MIBANQUITOFINAL\\backend\\src\\config\\database.js": {"path":"C:\\Users\\dslm_\\Escritorio\\MIBANQUITOFINAL\\backend\\src\\config\\database.js","statementMap":{"0":{"start":{"line":1,"column":17},"end":{"line":1,"column":30}},"1":{"start":{"line":2,"column":0},"end":{"line":2,"column":27}},"2":{"start":{"line":4,"column":13},"end":{"line":10,"column":2}},"3":{"start":{"line":12,"column":0},"end":{"line":14,"column":3}},"4":{"start":{"line":13,"column":2},"end":{"line":13,"column":54}},"5":{"start":{"line":16,"column":0},"end":{"line":16,"column":22}}},"fnMap":{"0":{"name":"(anonymous_0)","decl":{"start":{"line":12,"column":17},"end":{"line":12,"column":18}},"loc":{"start":{"line":12,"column":26},"end":{"line":14,"column":1}},"line":12}},"branchMap":{"0":{"loc":{"start":{"line":5,"column":8},"end":{"line":5,"column":42}},"type":"binary-expr","locations":[{"start":{"line":5,"column":8},"end":{"line":5,"column":27}},{"start":{"line":5,"column":31},"end":{"line":5,"column":42}}],"line":5},"1":{"loc":{"start":{"line":6,"column":8},"end":{"line":6,"column":35}},"type":"binary-expr","locations":[{"start":{"line":6,"column":8},"end":{"line":6,"column":27}},{"start":{"line":6,"column":31},"end":{"line":6,"column":35}}],"line":6},"2":{"loc":{"start":{"line":7,"column":12},"end":{"line":7,"column":47}},"type":"binary-expr","locations":[{"start":{"line":7,"column":12},"end":{"line":7,"column":31}},{"start":{"line":7,"column":35},"end":{"line":7,"column":47}}],"line":7},"3":{"loc":{"start":{"line":8,"column":8},"end":{"line":8,"column":41}},"type":"binary-expr","locations":[{"start":{"line":8,"column":8},"end":{"line":8,"column":27}},{"start":{"line":8,"column":31},"end":{"line":8,"column":41}}],"line":8},"4":{"loc":{"start":{"line":9,"column":12},"end":{"line":9,"column":49}},"type":"binary-expr","locations":[{"start":{"line":9,"column":12},"end":{"line":9,"column":35}},{"start":{"line":9,"column":39},"end":{"line":9,"column":49}}],"line":9}},"s":{"0":0,"1":0,"2":0,"3":0,"4":0,"5":0},"f":{"0":0},"b":{"0":[0,0],"1":[0,0],"2":[0,0],"3":[0,0],"4":[0,0]}}
,"C:\\Users\\dslm_\\Escritorio\\MIBANQUITOFINAL\\backend\\src\\controllers\\authController.js": {"path":"C:\\Users\\dslm_\\Escritorio\\MIBANQUITOFINAL\\backend\\src\\controllers\\authController.js","statementMap":{"0":{"start":{"line":5,"column":15},"end":{"line":5,"column":34}},"1":{"start":{"line":6,"column":26},"end":{"line":6,"column":55}},"2":{"start":{"line":7,"column":13},"end":{"line":7,"column":42}},"3":{"start":{"line":13,"column":33},"end":{"line":13,"column":41}},"4":{"start":{"line":15,"column":2},"end":{"line":52,"column":3}},"5":{"start":{"line":17,"column":4},"end":{"line":19,"column":5}},"6":{"start":{"line":18,"column":6},"end":{"line":18,"column":80}},"7":{"start":{"line":22,"column":18},"end":{"line":22,"column":102}},"8":{"start":{"line":23,"column":19},"end":{"line":23,"column":54}},"9":{"start":{"line":25,"column":4},"end":{"line":27,"column":5}},"10":{"start":{"line":26,"column":6},"end":{"line":26,"column":71}},"11":{"start":{"line":29,"column":17},"end":{"line":29,"column":31}},"12":{"start":{"line":32,"column":26},"end":{"line":32,"column":76}},"13":{"start":{"line":33,"column":4},"end":{"line":35,"column":5}},"14":{"start":{"line":34,"column":6},"end":{"line":34,"column":71}},"15":{"start":{"line":38,"column":18},"end":{"line":38,"column":37}},"16":{"start":{"line":40,"column":4},"end":{"line":48,"column":7}},"17":{"start":{"line":50,"column":4},"end":{"line":50,"column":44}},"18":{"start":{"line":51,"column":4},"end":{"line":51,"column":63}},"19":{"start":{"line":59,"column":47},"end":{"line":59,"column":55}},"20":{"start":{"line":61,"column":2},"end":{"line":99,"column":3}},"21":{"start":{"line":63,"column":4},"end":{"line":65,"column":5}},"22":{"start":{"line":64,"column":6},"end":{"line":64,"column":73}},"23":{"start":{"line":68,"column":4},"end":{"line":70,"column":5}},"24":{"start":{"line":69,"column":6},"end":{"line":69,"column":106}},"25":{"start":{"line":73,"column":23},"end":{"line":73,"column":68}},"26":{"start":{"line":74,"column":24},"end":{"line":74,"column":64}},"27":{"start":{"line":76,"column":4},"end":{"line":78,"column":5}},"28":{"start":{"line":77,"column":6},"end":{"line":77,"column":69}},"29":{"start":{"line":81,"column":26},"end":{"line":81,"column":57}},"30":{"start":{"line":84,"column":24},"end":{"line":88,"column":5}},"31":{"start":{"line":90,"column":19},"end":{"line":90,"column":89}},"32":{"start":{"line":92,"column":4},"end":{"line":95,"column":7}},"33":{"start":{"line":97,"column":4},"end":{"line":97,"column":56}},"34":{"start":{"line":98,"column":4},"end":{"line":98,"column":66}},"35":{"start":{"line":102,"column":0},"end":{"line":105,"column":2}}},"fnMap":{"0":{"name":"login","decl":{"start":{"line":12,"column":15},"end":{"line":12,"column":20}},"loc":{"start":{"line":12,"column":31},"end":{"line":53,"column":1}},"line":12},"1":{"name":"register","decl":{"start":{"line":58,"column":15},"end":{"line":58,"column":23}},"loc":{"start":{"line":58,"column":34},"end":{"line":100,"column":1}},"line":58}},"branchMap":{"0":{"loc":{"start":{"line":17,"column":4},"end":{"line":19,"column":5}},"type":"if","locations":[{"start":{"line":17,"column":4},"end":{"line":19,"column":5}},{"start":{},"end":{}}],"line":17},"1":{"loc":{"start":{"line":17,"column":8},"end":{"line":17,"column":30}},"type":"binary-expr","locations":[{"start":{"line":17,"column":8},"end":{"line":17,"column":17}},{"start":{"line":17,"column":21},"end":{"line":17,"column":30}}],"line":17},"2":{"loc":{"start":{"line":25,"column":4},"end":{"line":27,"column":5}},"type":"if","locations":[{"start":{"line":25,"column":4},"end":{"line":27,"column":5}},{"start":{},"end":{}}],"line":25},"3":{"loc":{"start":{"line":33,"column":4},"end":{"line":35,"column":5}},"type":"if","locations":[{"start":{"line":33,"column":4},"end":{"line":35,"column":5}},{"start":{},"end":{}}],"line":33},"4":{"loc":{"start":{"line":63,"column":4},"end":{"line":65,"column":5}},"type":"if","locations":[{"start":{"line":63,"column":4},"end":{"line":65,"column":5}},{"start":{},"end":{}}],"line":63},"5":{"loc":{"start":{"line":63,"column":8},"end":{"line":63,"column":50}},"type":"binary-expr","locations":[{"start":{"line":63,"column":8},"end":{"line":63,"column":15}},{"start":{"line":63,"column":19},"end":{"line":63,"column":28}},{"start":{"line":63,"column":32},"end":{"line":63,"column":41}},{"start":{"line":63,"column":45},"end":{"line":63,"column":50}}],"line":63},"6":{"loc":{"start":{"line":68,"column":4},"end":{"line":70,"column":5}},"type":"if","locations":[{"start":{"line":68,"column":4},"end":{"line":70,"column":5}},{"start":{},"end":{}}],"line":68},"7":{"loc":{"start":{"line":76,"column":4},"end":{"line":78,"column":5}},"type":"if","locations":[{"start":{"line":76,"column":4},"end":{"line":78,"column":5}},{"start":{},"end":{}}],"line":76}},"s":{"0":0,"1":0,"2":0,"3":0,"4":0,"5":0,"6":0,"7":0,"8":0,"9":0,"10":0,"11":0,"12":0,"13":0,"14":0,"15":0,"16":0,"17":0,"18":0,"19":0,"20":0,"21":0,"22":0,"23":0,"24":0,"25":0,"26":0,"27":0,"28":0,"29":0,"30":0,"31":0,"32":0,"33":0,"34":0,"35":0},"f":{"0":0,"1":0},"b":{"0":[0,0],"1":[0,0],"2":[0,0],"3":[0,0],"4":[0,0],"5":[0,0,0,0],"6":[0,0],"7":[0,0]}}
,"C:\\Users\\dslm_\\Escritorio\\MIBANQUITOFINAL\\backend\\src\\controllers\\loanController.js": {"path":"C:\\Users\\dslm_\\Escritorio\\MIBANQUITOFINAL\\backend\\src\\controllers\\loanController.js","statementMap":{"0":{"start":{"line":5,"column":13},"end":{"line":5,"column":42}},"1":{"start":{"line":6,"column":24},"end":{"line":6,"column":65}},"2":{"start":{"line":7,"column":37},"end":{"line":7,"column":75}},"3":{"start":{"line":8,"column":25},"end":{"line":8,"column":65}},"4":{"start":{"line":9,"column":35},"end":{"line":9,"column":65}},"5":{"start":{"line":15,"column":59},"end":{"line":15,"column":67}},"6":{"start":{"line":17,"column":2},"end":{"line":76,"column":3}},"7":{"start":{"line":19,"column":4},"end":{"line":21,"column":5}},"8":{"start":{"line":20,"column":6},"end":{"line":20,"column":73}},"9":{"start":{"line":24,"column":23},"end":{"line":24,"column":51}},"10":{"start":{"line":25,"column":4},"end":{"line":30,"column":5}},"11":{"start":{"line":26,"column":6},"end":{"line":29,"column":9}},"12":{"start":{"line":33,"column":23},"end":{"line":33,"column":39}},"13":{"start":{"line":36,"column":24},"end":{"line":36,"column":84}},"14":{"start":{"line":39,"column":25},"end":{"line":39,"column":40}},"15":{"start":{"line":42,"column":18},"end":{"line":46,"column":5}},"16":{"start":{"line":48,"column":19},"end":{"line":61,"column":5}},"17":{"start":{"line":63,"column":19},"end":{"line":63,"column":50}},"18":{"start":{"line":65,"column":4},"end":{"line":72,"column":7}},"19":{"start":{"line":74,"column":4},"end":{"line":74,"column":54}},"20":{"start":{"line":75,"column":4},"end":{"line":75,"column":70}},"21":{"start":{"line":83,"column":2},"end":{"line":95,"column":3}},"22":{"start":{"line":84,"column":18},"end":{"line":88,"column":5}},"23":{"start":{"line":90,"column":19},"end":{"line":90,"column":42}},"24":{"start":{"line":91,"column":4},"end":{"line":91,"column":26}},"25":{"start":{"line":93,"column":4},"end":{"line":93,"column":58}},"26":{"start":{"line":94,"column":4},"end":{"line":94,"column":68}},"27":{"start":{"line":102,"column":2},"end":{"line":117,"column":3}},"28":{"start":{"line":103,"column":19},"end":{"line":103,"column":30}},"29":{"start":{"line":105,"column":18},"end":{"line":110,"column":5}},"30":{"start":{"line":112,"column":19},"end":{"line":112,"column":52}},"31":{"start":{"line":113,"column":4},"end":{"line":113,"column":26}},"32":{"start":{"line":115,"column":4},"end":{"line":115,"column":62}},"33":{"start":{"line":116,"column":4},"end":{"line":116,"column":68}},"34":{"start":{"line":124,"column":17},"end":{"line":124,"column":27}},"35":{"start":{"line":126,"column":2},"end":{"line":143,"column":3}},"36":{"start":{"line":127,"column":18},"end":{"line":131,"column":5}},"37":{"start":{"line":133,"column":19},"end":{"line":133,"column":48}},"38":{"start":{"line":135,"column":4},"end":{"line":137,"column":5}},"39":{"start":{"line":136,"column":6},"end":{"line":136,"column":72}},"40":{"start":{"line":139,"column":4},"end":{"line":139,"column":29}},"41":{"start":{"line":141,"column":4},"end":{"line":141,"column":56}},"42":{"start":{"line":142,"column":4},"end":{"line":142,"column":66}},"43":{"start":{"line":150,"column":17},"end":{"line":150,"column":27}},"44":{"start":{"line":151,"column":37},"end":{"line":151,"column":45}},"45":{"start":{"line":153,"column":2},"end":{"line":180,"column":3}},"46":{"start":{"line":155,"column":4},"end":{"line":157,"column":5}},"47":{"start":{"line":156,"column":6},"end":{"line":156,"column":65}},"48":{"start":{"line":159,"column":18},"end":{"line":164,"column":5}},"49":{"start":{"line":166,"column":19},"end":{"line":166,"column":55}},"50":{"start":{"line":167,"column":19},"end":{"line":167,"column":50}},"51":{"start":{"line":169,"column":4},"end":{"line":171,"column":5}},"52":{"start":{"line":170,"column":6},"end":{"line":170,"column":72}},"53":{"start":{"line":173,"column":4},"end":{"line":176,"column":7}},"54":{"start":{"line":178,"column":4},"end":{"line":178,"column":59}},"55":{"start":{"line":179,"column":4},"end":{"line":179,"column":69}},"56":{"start":{"line":183,"column":0},"end":{"line":189,"column":2}}},"fnMap":{"0":{"name":"createLoanRequest","decl":{"start":{"line":14,"column":15},"end":{"line":14,"column":32}},"loc":{"start":{"line":14,"column":43},"end":{"line":77,"column":1}},"line":14},"1":{"name":"getAllLoanRequests","decl":{"start":{"line":82,"column":15},"end":{"line":82,"column":33}},"loc":{"start":{"line":82,"column":44},"end":{"line":96,"column":1}},"line":82},"2":{"name":"getMyLoanRequests","decl":{"start":{"line":101,"column":15},"end":{"line":101,"column":32}},"loc":{"start":{"line":101,"column":43},"end":{"line":118,"column":1}},"line":101},"3":{"name":"getLoanRequestById","decl":{"start":{"line":123,"column":15},"end":{"line":123,"column":33}},"loc":{"start":{"line":123,"column":44},"end":{"line":144,"column":1}},"line":123},"4":{"name":"updateLoanRequest","decl":{"start":{"line":149,"column":15},"end":{"line":149,"column":32}},"loc":{"start":{"line":149,"column":43},"end":{"line":181,"column":1}},"line":149}},"branchMap":{"0":{"loc":{"start":{"line":19,"column":4},"end":{"line":21,"column":5}},"type":"if","locations":[{"start":{"line":19,"column":4},"end":{"line":21,"column":5}},{"start":{},"end":{}}],"line":19},"1":{"loc":{"start":{"line":19,"column":8},"end":{"line":19,"column":68}},"type":"binary-expr","locations":[{"start":{"line":19,"column":8},"end":{"line":19,"column":15}},{"start":{"line":19,"column":19},"end":{"line":19,"column":28}},{"start":{"line":19,"column":32},"end":{"line":19,"column":36}},{"start":{"line":19,"column":40},"end":{"line":19,"column":48}},{"start":{"line":19,"column":52},"end":{"line":19,"column":58}},{"start":{"line":19,"column":62},"end":{"line":19,"column":68}}],"line":19},"2":{"loc":{"start":{"line":25,"column":4},"end":{"line":30,"column":5}},"type":"if","locations":[{"start":{"line":25,"column":4},"end":{"line":30,"column":5}},{"start":{},"end":{}}],"line":25},"3":{"loc":{"start":{"line":135,"column":4},"end":{"line":137,"column":5}},"type":"if","locations":[{"start":{"line":135,"column":4},"end":{"line":137,"column":5}},{"start":{},"end":{}}],"line":135},"4":{"loc":{"start":{"line":155,"column":4},"end":{"line":157,"column":5}},"type":"if","locations":[{"start":{"line":155,"column":4},"end":{"line":157,"column":5}},{"start":{},"end":{}}],"line":155},"5":{"loc":{"start":{"line":166,"column":28},"end":{"line":166,"column":50}},"type":"binary-expr","locations":[{"start":{"line":166,"column":28},"end":{"line":166,"column":42}},{"start":{"line":166,"column":46},"end":{"line":166,"column":50}}],"line":166},"6":{"loc":{"start":{"line":169,"column":4},"end":{"line":171,"column":5}},"type":"if","locations":[{"start":{"line":169,"column":4},"end":{"line":171,"column":5}},{"start":{},"end":{}}],"line":169}},"s":{"0":0,"1":0,"2":0,"3":0,"4":0,"5":0,"6":0,"7":0,"8":0,"9":0,"10":0,"11":0,"12":0,"13":0,"14":0,"15":0,"16":0,"17":0,"18":0,"19":0,"20":0,"21":0,"22":0,"23":0,"24":0,"25":0,"26":0,"27":0,"28":0,"29":0,"30":0,"31":0,"32":0,"33":0,"34":0,"35":0,"36":0,"37":0,"38":0,"39":0,"40":0,"41":0,"42":0,"43":0,"44":0,"45":0,"46":0,"47":0,"48":0,"49":0,"50":0,"51":0,"52":0,"53":0,"54":0,"55":0,"56":0},"f":{"0":0,"1":0,"2":0,"3":0,"4":0},"b":{"0":[0,0],"1":[0,0,0,0,0,0],"2":[0,0],"3":[0,0],"4":[0,0],"5":[0,0],"6":[0,0]}}
,"C:\\Users\\dslm_\\Escritorio\\MIBANQUITOFINAL\\backend\\src\\middleware\\auth.js": {"path":"C:\\Users\\dslm_\\Escritorio\\MIBANQUITOFINAL\\backend\\src\\middleware\\auth.js","statementMap":{"0":{"start":{"line":6,"column":12},"end":{"line":6,"column":35}},"1":{"start":{"line":7,"column":0},"end":{"line":7,"column":27}},"2":{"start":{"line":13,"column":16},"end":{"line":13,"column":56}},"3":{"start":{"line":15,"column":2},"end":{"line":17,"column":3}},"4":{"start":{"line":16,"column":4},"end":{"line":16,"column":62}},"5":{"start":{"line":19,"column":2},"end":{"line":25,"column":3}},"6":{"start":{"line":20,"column":20},"end":{"line":20,"column":61}},"7":{"start":{"line":21,"column":4},"end":{"line":21,"column":23}},"8":{"start":{"line":22,"column":4},"end":{"line":22,"column":11}},"9":{"start":{"line":24,"column":4},"end":{"line":24,"column":72}},"10":{"start":{"line":32,"column":2},"end":{"line":37,"column":4}},"11":{"start":{"line":33,"column":4},"end":{"line":35,"column":5}},"12":{"start":{"line":34,"column":6},"end":{"line":34,"column":98}},"13":{"start":{"line":36,"column":4},"end":{"line":36,"column":11}},"14":{"start":{"line":44,"column":2},"end":{"line":49,"column":4}},"15":{"start":{"line":45,"column":4},"end":{"line":47,"column":5}},"16":{"start":{"line":46,"column":6},"end":{"line":46,"column":124}},"17":{"start":{"line":48,"column":4},"end":{"line":48,"column":11}},"18":{"start":{"line":56,"column":2},"end":{"line":60,"column":4}},"19":{"start":{"line":63,"column":0},"end":{"line":68,"column":2}}},"fnMap":{"0":{"name":"verifyToken","decl":{"start":{"line":12,"column":9},"end":{"line":12,"column":20}},"loc":{"start":{"line":12,"column":37},"end":{"line":26,"column":1}},"line":12},"1":{"name":"checkRole","decl":{"start":{"line":31,"column":9},"end":{"line":31,"column":18}},"loc":{"start":{"line":31,"column":33},"end":{"line":38,"column":1}},"line":31},"2":{"name":"(anonymous_2)","decl":{"start":{"line":32,"column":9},"end":{"line":32,"column":10}},"loc":{"start":{"line":32,"column":29},"end":{"line":37,"column":3}},"line":32},"3":{"name":"checkRoles","decl":{"start":{"line":43,"column":9},"end":{"line":43,"column":19}},"loc":{"start":{"line":43,"column":34},"end":{"line":50,"column":1}},"line":43},"4":{"name":"(anonymous_4)","decl":{"start":{"line":44,"column":9},"end":{"line":44,"column":10}},"loc":{"start":{"line":44,"column":29},"end":{"line":49,"column":3}},"line":44},"5":{"name":"generateToken","decl":{"start":{"line":55,"column":9},"end":{"line":55,"column":22}},"loc":{"start":{"line":55,"column":29},"end":{"line":61,"column":1}},"line":55}},"branchMap":{"0":{"loc":{"start":{"line":15,"column":2},"end":{"line":17,"column":3}},"type":"if","locations":[{"start":{"line":15,"column":2},"end":{"line":17,"column":3}},{"start":{},"end":{}}],"line":15},"1":{"loc":{"start":{"line":33,"column":4},"end":{"line":35,"column":5}},"type":"if","locations":[{"start":{"line":33,"column":4},"end":{"line":35,"column":5}},{"start":{},"end":{}}],"line":33},"2":{"loc":{"start":{"line":33,"column":8},"end":{"line":33,"column":51}},"type":"binary-expr","locations":[{"start":{"line":33,"column":8},"end":{"line":33,"column":17}},{"start":{"line":33,"column":21},"end":{"line":33,"column":51}}],"line":33},"3":{"loc":{"start":{"line":45,"column":4},"end":{"line":47,"column":5}},"type":"if","locations":[{"start":{"line":45,"column":4},"end":{"line":47,"column":5}},{"start":{},"end":{}}],"line":45},"4":{"loc":{"start":{"line":45,"column":8},"end":{"line":45,"column":58}},"type":"binary-expr","locations":[{"start":{"line":45,"column":8},"end":{"line":45,"column":17}},{"start":{"line":45,"column":21},"end":{"line":45,"column":58}}],"line":45}},"s":{"0":0,"1":0,"2":0,"3":0,"4":0,"5":0,"6":0,"7":0,"8":0,"9":0,"10":0,"11":0,"12":0,"13":0,"14":0,"15":0,"16":0,"17":0,"18":0,"19":0},"f":{"0":0,"1":0,"2":0,"3":0,"4":0,"5":0},"b":{"0":[0,0],"1":[0,0],"2":[0,0],"3":[0,0],"4":[0,0]}}
,"C:\\Users\\dslm_\\Escritorio\\MIBANQUITOFINAL\\backend\\src\\routes\\authRoutes.js": {"path":"C:\\Users\\dslm_\\Escritorio\\MIBANQUITOFINAL\\backend\\src\\routes\\authRoutes.js","statementMap":{"0":{"start":{"line":5,"column":16},"end":{"line":5,"column":34}},"1":{"start":{"line":6,"column":15},"end":{"line":6,"column":31}},"2":{"start":{"line":7,"column":28},"end":{"line":7,"column":68}},"3":{"start":{"line":10,"column":0},"end":{"line":10,"column":29}},"4":{"start":{"line":13,"column":0},"end":{"line":13,"column":35}},"5":{"start":{"line":15,"column":0},"end":{"line":15,"column":24}}},"fnMap":{},"branchMap":{},"s":{"0":0,"1":0,"2":0,"3":0,"4":0,"5":0},"f":{},"b":{}}
,"C:\\Users\\dslm_\\Escritorio\\MIBANQUITOFINAL\\backend\\src\\routes\\loanRoutes.js": {"path":"C:\\Users\\dslm_\\Escritorio\\MIBANQUITOFINAL\\backend\\src\\routes\\loanRoutes.js","statementMap":{"0":{"start":{"line":5,"column":16},"end":{"line":5,"column":34}},"1":{"start":{"line":6,"column":15},"end":{"line":6,"column":31}},"2":{"start":{"line":7,"column":47},"end":{"line":7,"column":76}},"3":{"start":{"line":14,"column":4},"end":{"line":14,"column":44}},"4":{"start":{"line":17,"column":0},"end":{"line":17,"column":71}},"5":{"start":{"line":20,"column":0},"end":{"line":20,"column":72}},"6":{"start":{"line":23,"column":0},"end":{"line":23,"column":84}},"7":{"start":{"line":26,"column":0},"end":{"line":26,"column":39}},"8":{"start":{"line":29,"column":0},"end":{"line":29,"column":86}},"9":{"start":{"line":31,"column":0},"end":{"line":31,"column":24}}},"fnMap":{},"branchMap":{},"s":{"0":0,"1":0,"2":0,"3":0,"4":0,"5":0,"6":0,"7":0,"8":0,"9":0},"f":{},"b":{}}
,"C:\\Users\\dslm_\\Escritorio\\MIBANQUITOFINAL\\backend\\src\\services\\creditCheckService.js": {"path":"C:\\Users\\dslm_\\Escritorio\\MIBANQUITOFINAL\\backend\\src\\services\\creditCheckService.js","statementMap":{"0":{"start":{"line":13,"column":19},"end":{"line":17,"column":3}},"1":{"start":{"line":20,"column":2},"end":{"line":26,"column":3}},"2":{"start":{"line":21,"column":4},"end":{"line":25,"column":6}},"3":{"start":{"line":29,"column":16},"end":{"line":29,"column":48}},"4":{"start":{"line":33,"column":2},"end":{"line":39,"column":3}},"5":{"start":{"line":34,"column":4},"end":{"line":34,"column":20}},"6":{"start":{"line":35,"column":9},"end":{"line":39,"column":3}},"7":{"start":{"line":36,"column":4},"end":{"line":36,"column":20}},"8":{"start":{"line":38,"column":4},"end":{"line":38,"column":20}},"9":{"start":{"line":41,"column":2},"end":{"line":46,"column":4}},"10":{"start":{"line":49,"column":0},"end":{"line":51,"column":2}}},"fnMap":{"0":{"name":"checkCredit","decl":{"start":{"line":11,"column":9},"end":{"line":11,"column":20}},"loc":{"start":{"line":11,"column":26},"end":{"line":47,"column":1}},"line":11}},"branchMap":{"0":{"loc":{"start":{"line":20,"column":2},"end":{"line":26,"column":3}},"type":"if","locations":[{"start":{"line":20,"column":2},"end":{"line":26,"column":3}},{"start":{},"end":{}}],"line":20},"1":{"loc":{"start":{"line":33,"column":2},"end":{"line":39,"column":3}},"type":"if","locations":[{"start":{"line":33,"column":2},"end":{"line":39,"column":3}},{"start":{"line":35,"column":9},"end":{"line":39,"column":3}}],"line":33},"2":{"loc":{"start":{"line":35,"column":9},"end":{"line":39,"column":3}},"type":"if","locations":[{"start":{"line":35,"column":9},"end":{"line":39,"column":3}},{"start":{"line":37,"column":9},"end":{"line":39,"column":3}}],"line":35}},"s":{"0":5,"1":5,"2":4,"3":1,"4":1,"5":1,"6":0,"7":0,"8":0,"9":1,"10":1},"f":{"0":5},"b":{"0":[4,1],"1":[1,0],"2":[0,0]},"_coverageSchema":"1a1c01bbd47fc00a2c39e90264f33305004495a9","hash":"07cc933cc8fe01a51fa37b6cee767f27ed1023a8"}
,"C:\\Users\\dslm_\\Escritorio\\MIBANQUITOFINAL\\backend\\src\\services\\interestService.js": {"path":"C:\\Users\\dslm_\\Escritorio\\MIBANQUITOFINAL\\backend\\src\\services\\interestService.js","statementMap":{"0":{"start":{"line":16,"column":16},"end":{"line":20,"column":3}},"1":{"start":{"line":22,"column":15},"end":{"line":22,"column":45}},"2":{"start":{"line":25,"column":22},"end":{"line":25,"column":55}},"3":{"start":{"line":26,"column":24},"end":{"line":26,"column":43}},"4":{"start":{"line":28,"column":2},"end":{"line":33,"column":4}},"5":{"start":{"line":36,"column":0},"end":{"line":38,"column":2}}},"fnMap":{"0":{"name":"calcularInteresCompuesto","decl":{"start":{"line":14,"column":9},"end":{"line":14,"column":33}},"loc":{"start":{"line":14,"column":59},"end":{"line":34,"column":1}},"line":14}},"branchMap":{"0":{"loc":{"start":{"line":22,"column":15},"end":{"line":22,"column":45}},"type":"binary-expr","locations":[{"start":{"line":22,"column":15},"end":{"line":22,"column":31}},{"start":{"line":22,"column":35},"end":{"line":22,"column":45}}],"line":22}},"s":{"0":6,"1":6,"2":6,"3":6,"4":6,"5":1},"f":{"0":6},"b":{"0":[6,1]},"_coverageSchema":"1a1c01bbd47fc00a2c39e90264f33305004495a9","hash":"7729211eb8a09e9179a40ee4922995dc0670280b"}
,"C:\\Users\\dslm_\\Escritorio\\MIBANQUITOFINAL\\backend\\src\\services\\validationService.js": {"path":"C:\\Users\\dslm_\\Escritorio\\MIBANQUITOFINAL\\backend\\src\\services\\validationService.js","statementMap":{"0":{"start":{"line":14,"column":2},"end":{"line":21,"column":3}},"1":{"start":{"line":15,"column":4},"end":{"line":20,"column":6}},"2":{"start":{"line":24,"column":2},"end":{"line":31,"column":3}},"3":{"start":{"line":25,"column":4},"end":{"line":30,"column":6}},"4":{"start":{"line":34,"column":2},"end":{"line":39,"column":4}},"5":{"start":{"line":42,"column":0},"end":{"line":44,"column":2}}},"fnMap":{"0":{"name":"validarMonto","decl":{"start":{"line":12,"column":9},"end":{"line":12,"column":21}},"loc":{"start":{"line":12,"column":38},"end":{"line":40,"column":1}},"line":12}},"branchMap":{"0":{"loc":{"start":{"line":14,"column":2},"end":{"line":21,"column":3}},"type":"if","locations":[{"start":{"line":14,"column":2},"end":{"line":21,"column":3}},{"start":{},"end":{}}],"line":14},"1":{"loc":{"start":{"line":24,"column":2},"end":{"line":31,"column":3}},"type":"if","locations":[{"start":{"line":24,"column":2},"end":{"line":31,"column":3}},{"start":{},"end":{}}],"line":24}},"s":{"0":7,"1":2,"2":5,"3":2,"4":3,"5":1},"f":{"0":7},"b":{"0":[2,5],"1":[2,3]},"_coverageSchema":"1a1c01bbd47fc00a2c39e90264f33305004495a9","hash":"d228d7ea2e775011c7550c4fd906675376cc1f6d"}
,"C:\\Users\\dslm_\\Escritorio\\MIBANQUITOFINAL\\backend\\src\\utils\\encryption.js": {"path":"C:\\Users\\dslm_\\Escritorio\\MIBANQUITOFINAL\\backend\\src\\utils\\encryption.js","statementMap":{"0":{"start":{"line":6,"column":17},"end":{"line":6,"column":37}},"1":{"start":{"line":7,"column":0},"end":{"line":7,"column":27}},"2":{"start":{"line":9,"column":23},"end":{"line":9,"column":87}},"3":{"start":{"line":17,"column":2},"end":{"line":23,"column":3}},"4":{"start":{"line":18,"column":22},"end":{"line":18,"column":86}},"5":{"start":{"line":19,"column":4},"end":{"line":19,"column":21}},"6":{"start":{"line":21,"column":4},"end":{"line":21,"column":49}},"7":{"start":{"line":22,"column":4},"end":{"line":22,"column":55}},"8":{"start":{"line":32,"column":2},"end":{"line":38,"column":3}},"9":{"start":{"line":33,"column":22},"end":{"line":33,"column":101}},"10":{"start":{"line":34,"column":4},"end":{"line":34,"column":21}},"11":{"start":{"line":36,"column":4},"end":{"line":36,"column":52}},"12":{"start":{"line":37,"column":4},"end":{"line":37,"column":58}},"13":{"start":{"line":41,"column":0},"end":{"line":44,"column":2}}},"fnMap":{"0":{"name":"encryptDNI","decl":{"start":{"line":16,"column":9},"end":{"line":16,"column":19}},"loc":{"start":{"line":16,"column":26},"end":{"line":24,"column":1}},"line":16},"1":{"name":"decryptDNI","decl":{"start":{"line":31,"column":9},"end":{"line":31,"column":19}},"loc":{"start":{"line":31,"column":35},"end":{"line":39,"column":1}},"line":31}},"branchMap":{"0":{"loc":{"start":{"line":9,"column":23},"end":{"line":9,"column":87}},"type":"binary-expr","locations":[{"start":{"line":9,"column":23},"end":{"line":9,"column":49}},{"start":{"line":9,"column":53},"end":{"line":9,"column":87}}],"line":9}},"s":{"0":1,"1":1,"2":1,"3":7,"4":7,"5":7,"6":0,"7":0,"8":4,"9":4,"10":4,"11":0,"12":0,"13":1},"f":{"0":7,"1":4},"b":{"0":[1,0]},"_coverageSchema":"1a1c01bbd47fc00a2c39e90264f33305004495a9","hash":"b40c9ec7855f27ac0aa88be8d09499146efa3aa4"}
}
